|SourceProjectName:Admin.hpr
|DestinationProjectName:Admin.htm
whhost.js
whmsg.js
whmozemu.js
whproxy.js
whstub.js
whutils.js
whver.js
whform.js
whphost.js
whstart.js
whtopic.js
whframes.js
whlang.js
whskin_info.htm
whskin_blank.htm
whskin_pickup.htm
whskin_homepage.htm
whskin_tw.htm
whnjs.htm
whthost.js
whtdhtml.htm
whihost.js
whibody.htm
whiform.htm
whfhost.js
whfbody.htm
whfform.htm
whghost.js
whgbody.htm
whgdhtml.htm
whgdef.htm
whproj.js
whproj.xml
whproj.htm
whxdata\whtoc.xml
whxdata\whidx.xml
whxdata\whfts.xml
whxdata\whglo.xml
whdata\whtoc.js
whdata\whtoc.htm
whdata\whtdata.js
whdata\whidx.js
whdata\whidx.htm
whdata\whidata.js
whdata\whfts.js
whdata\whfts.htm
whdata\whglo.js
whdata\whglo.htm
whdata\whgdata.js
whdata\whftdata.js
whdata\whfwdata.js
whres.xml
WebHelp.jar
WebHelp.cab
whgdata\whnvp30.htm
whgdata\whnvp31.htm
whgdata\whnvp32.htm
whgdata\whnvp33.htm
whgdata\whnvt30.htm
whgdata\whnvt31.htm
whgdata\whnvt32.htm
whgdata\whnvt33.htm
whgdata\whnvf30.htm
whgdata\whnvf31.htm
whgdata\whnvf32.htm
whgdata\whnvf33.htm
whgdata\whnvl31.htm
whgdata\whnvl32.htm
whgdata\whnvl33.htm
whgdata\whexpbar.gif
cshdat_webhelp.htm
whcsh_home.htm
whcshdata.htm
cshdat_robohelp.htm
wht_tab0.gif
wht_tab1.gif
wht_tab2.gif
wht_tab3.gif
wht_tab4.gif
wht_tab5.gif
wht_tab6.gif
wht_tab7.gif
wht_tab8.gif
wht_glo_h.gif
wht_glo_n.gif
wht_fts_h.gif
wht_fts_n.gif
wht_idx_h.gif
wht_idx_n.gif
wht_toc_h.gif
wht_toc_n.gif
wht_ws.gif
wht_ws_g.gif
wht_logo1.gif
wht_logo2.gif
wht_abgw.jpg
wht_abgi.jpg
wht_abge.jpg
wht_abtw.jpg
wht_abte.jpg
wht_abti.jpg
wht_spac.gif
wht_next.gif
wht_next_g.gif
wht_prev.gif
wht_prev_g.gif
wht_sync.gif
wht_hide.gif
wht_go.gif
whstart.ico
whestart.ico
whrstart.ico
whidhtml.htm
whfdhtml.htm
whskin_banner.htm
whtbar.js
whskin_pdhtml.htm
whskin_papplet.htm
whskin_plist.htm
whskin_tbars.htm
whskin_mbars.htm
wht_toc4.gif
wht_toc1.gif
wht_toc2.gif
wht_toc3.gif
whskin_frmset010.htm
whst_topics.xml
whskin_frmset01.htm
Admin_hha.hhk
Admin.hhc
Admin.hhk
Accounts\index.htm
Accounts\Remote_Interactions_Logs.htm
Before_you_Begin\Before_you_Begin.htm
Before_you_Begin\Common_Application_Features.htm
Before_you_Begin\Copyright.htm
Before_you_Begin\index.htm
Before_you_Begin\Introduction.htm
claimed_parts_receipt.htm
Claims\Advice_Request.htm
Claims\Appealed.htm
Claims\Claim_Attributes.htm
Claims\Claim_Details.htm
Claims\Claim_Failure_Reports.htm
Claims\Claim_Folders.htm
Claims\Claim_Submission.htm
Claims\Claim_Validation.htm
Claims\Draft.htm
Claims\Field_Modification_Claims.htm
Claims\index.htm
Claims\Major_Component_Registration.htm
Claims\Non-serialized_part_with_Part_installed_on_Competitor_Model.htm
Claims\Non-serialized_part_with_Part_installed_on_non-serialized_host_machine.htm
Claims\Non-serialized_part_with_Part_installed_on_serialized_host_machine.htm
Claims\On_Hold.htm
Claims\Policy_Details.htm
Claims\Processor_Review.htm
Claims\Replies.htm
Claims\Request_for_Information.htm
Claims\Search_Claims.htm
Claims\Serialized_part_with_Part_installed_on_Competitor_Model.htm
Claims\Serialized_part_with_Part_installed_on_non-serialized_host_machine.htm
Claims\Serialized_part_with_Part_installed_on_serialized_host_machine.htm
Claims\Service_Manager_Response.htm
Claims\Service_Manager_Review.htm
Claims\Sold_alone_part_not_installed.htm
Claims\Transfer_Re-process.htm
Claims\Transferred.htm
Contract_Admin\index.htm
Contract_Admin\Maintain_Supplier_Contracts.htm
Contract_Admin\Manage_Suppliers.htm
Contract_Admin\View_Part_Source_History.htm
Field_Product_Improvement\index.htm
Field_Product_Improvement\Pending_Campaigns.htm
Field_Product_Improvement\Search_Campaigns.htm
Inventory\Address_Book.htm
Inventory\Dealer_to_Dealer_Transfer.htm
Inventory\Equipment_Details.htm
Inventory\Equipment_Transfer_Report.htm
Inventory\Extended_Warranty_Purchase.htm
Inventory\Fleet_Inventory_Management_.htm
Inventory\GoodWill_Warranty_Extension.htm
Inventory\index.htm
Inventory\Inventory.htm
Inventory\Manage_Warranty_Coverage.htm
Inventory\Retail_Machine_Transfer.htm
Inventory\Retailed.htm
Inventory\Scrap_Inventories.htm
Inventory\Search_Inventory.htm
Inventory\Stock.htm
Inventory\Warranty_Registration.htm
Items\index.htm
Items\Search_Items.htm
machine_claims.htm
Part_Returns\Barcode_Feature_and_Search_by_Barcode.htm
Part_Returns\CEVA_Tracking.htm
Part_Returns\Configuring_Part_Return_List_visibility_to_dealers_per_BU.htm
Part_Returns\Confirm_Dealer_Part_Returns.htm
Part_Returns\Due_Parts.htm
Part_Returns\Due_Parts_Inspection.htm
Part_Returns\Due_Parts_Receipt.htm
Part_Returns\index.htm
Part_Returns\Overdue_Parts.htm
Part_Returns\Part_Return_Folders.htm
Part_Returns\Parts_Shipped.htm
Part_Returns\Prepare_Due_Parts.htm
Part_Returns\Required_Parts_From_Dealer.htm
Part_Returns\Search_Parts.htm
Part_Returns\Shipment_Generated.htm
Part_Returns\Shipment_Tag.htm
Part_Returns\WPRA_Generated_For_Parts.htm
parts_claim.htm
Parts_Recovery\Awaiting_Shipment.htm
Parts_Recovery\Awaiting_Shipment_To_WareHouse.htm
Parts_Recovery\index.htm
Parts_Recovery\Part_Not_In_Warehouse.htm
Parts_Recovery\Parts_Recovery.htm
Parts_Recovery\Search_Parts.htm
Parts_Recovery\Supplier_Parts_Claimed.htm
Parts_Recovery\Supplier_Parts_Shipped.htm
rejected_parts.htm
Reports\Download_Management.htm
Reports\index.htm
Reports\Reports.htm
Reports\Upload_Management.htm
Reports\Vendor_Recovery_Report.htm
required_parts_return.htm
Settings\Email_Subscription.htm
Settings\End_Customer_Management.htm
Settings\index.htm
Settings\Manage_User_BU_Mapping.htm
Settings\Map_Service_Provider_Business_Unit.htm
Settings\Profile.htm
Settings\User_Management.htm
Supplier_Recovery\Claims_Due_for_Recovery.htm
Supplier_Recovery\Claims_Under_Recovery.htm
Supplier_Recovery\index.htm
Supplier_Recovery\Multi_Claim_Maintenance.htm
Supplier_Recovery\Pending_Recovery_Initiation.htm
Supplier_Recovery\Search_Supplier_Recovery_Claims.htm
Supplier_Recovery\Supplier_Recovery.htm
third_party_due_parts.htm
Warranty_Admin\Add_Question.htm
Warranty_Admin\Associate_Dissociate_Inventory_Attributes.htm
Warranty_Admin\Associate_Dissociate_Part_Attributes.htm
Warranty_Admin\Business_Conditions.htm
Warranty_Admin\Business_Rules.htm
Warranty_Admin\Configure_Claim_Payment_Modifier.htm
Warranty_Admin\Cost_Category_Configuration.htm
Warranty_Admin\Create_Claim_Payment_Modifier.htm
Warranty_Admin\Create_Update_Attributes.htm
Warranty_Admin\Dealer_Groups.htm
Warranty_Admin\Dealer_Summary.htm
Warranty_Admin\Failure_Structure.htm
Warranty_Admin\Fault_Found_Caused_By_Association.htm
Warranty_Admin\Flat_Rates.htm
Warranty_Admin\index.htm
Warranty_Admin\Item_Groups.htm
Warranty_Admin\Labor_Rates.htm
Warranty_Admin\List_Fault_Locations.htm
Warranty_Admin\List_Models.htm
Warranty_Admin\List_of_Values.htm
Warranty_Admin\List_Service_Procedures.htm
Warranty_Admin\Maintain_Failure_URL_of_Failure_Detail.htm
Warranty_Admin\Manage_Additional_Labour_Eligibility.htm
Warranty_Admin\Manage_Alarm_Code.htm
Warranty_Admin\Manage_Business_Configurations.htm
Warranty_Admin\Manage_Business_Rule_Groups.htm
Warranty_Admin\Manage_Claim_Payment.htm
Warranty_Admin\Manage_Custom_Reports.htm
Warranty_Admin\Manage_Groups.htm
Warranty_Admin\Manage_Inclusive_Job_Codes.htm
Warranty_Admin\Manage_Labor_Split.htm
Warranty_Admin\Manage_LOA_Schemes.htm
Warranty_Admin\Manage_Miscellaneous_Parts.htm
Warranty_Admin\Manage_User_Availability.htm
Warranty_Admin\Part_Return_Configuration.htm
Warranty_Admin\Policy_Definition.htm
Warranty_Admin\Policy_Management.htm
Warranty_Admin\Product_Failure_Hierarchy.htm
Warranty_Admin\Related_Field_Modifications.htm
Warranty_Admin\Service_Campaign.htm
Warranty_Admin\Travel_Rates.htm
Warranty_Admin\UOM_Mappings.htm
Warranty_Admin\User_Groups.htm
Warranty_Admin\View_Labels.htm
Warranty_Admin\View_Supplier.htm
Warranty_Admin\Warehouses.htm
Warranty_Admin\Warranty_Admin.htm
eHelp.xml
RoboHHRE.lng
Admin.glo
TWMS_ns_nc.css
TWMS.css
TWMS_ns_nc_1.css
Images\CreatePaymentDef.JPG
Images\ShowPreview.JPG
Images\Extended_Warranty_Purchase.jpg
Images\create_attribute.gif
Images\CreateTravel.JPG
Images\BusinessConditionsAOV.JPG
delete_row.gif
Images\CreateWarehouse.JPG
Images\AscendingSort.JPG
Images\create_alarm_code.gif
Images\CreateBusinessCondition.JPG
Images\ListingToolbar.JPG
Images\Mark_as_Scrapped.jpg
Images\Attach.jpg
Images\Add_UOM_mapping.jpg
Images\SearchNotCondition.JPG
Images\Print.JPG
Images\DownloadtoExcel.JPG
Images\EditSearch.JPG
Images\Expand.JPG
Images\add_row_button.gif
Expand.JPG
Attach.jpg
Delete.JPG
Images\Move_Left.jpg
Images\Create_Miscellaneous_Part.jpg
Images\Note.JPG
Images\BusinessConditionsNested.JPG
Images\Mark_as_UnScrapped.jpg
Images\AddValue.JPG
Images\AddLabel.JPG
Images\Colapse.JPG
Images\Create_Miscellaneous_Part_Configuration.jpg
Texture_metal3.jpg
Note.JPG
Images\CreateClaim.JPG
add_row_button.gif
Calander.JPG
Images\Refresh.JPG
Images\Move_Right.jpg
Images\Create_Labor_Split.jpg
Images\delete_row.gif
Images\Labels1.JPG
Images\Calander.JPG
Images\ClaimSearchAOV.JPG
Images\CreateModifier.JPG
Images\DescendingSort.JPG
Images\L1.JPG
Images\ListingNavigation.JPG
Images\AddBR.JPG
Images\CreatePolicy.JPG
Images\CreateLaborRate.JPG
Images\Labels2.JPG
Images\CreateContract.JPG
Images\Alert.JPG
Images\L2.JPG
Images\FCSP.JPG
Images\Define_Commercial_Policy_Payment_Definition.jpg
Images\L3.JPG
Images\HidePreview.JPG
Images\CreatePartReturn.JPG
i_blue_sm.jpg
Images\i_blue_sm.jpg
Images\Dealer_to_Dealer_Transfer.jpg
Images\L4.JPG
Images\Add_Remove_Labels.jpg
Images\CreateBusinessRule.JPG
ehlpdhtm.js
Admin.ppf
TWMS_ns.css
whxdata\whtdata0.xml
whxdata\whtdata1.xml
whxdata\whtdata2.xml
whxdata\whidata0.xml
whxdata\whidata1.xml
whxdata\whftdata0.xml
whxdata\whftdata1.xml
whxdata\whfwdata0.xml
whxdata\whfwdata1.xml
whxdata\whfwdata2.xml
whxdata\whfwdata3.xml
whxdata\whfwdata4.xml
whxdata\whfwdata5.xml
whxdata\whfwdata6.xml
whxdata\whfwdata7.xml
whxdata\whfwdata8.xml
whxdata\whfwdata9.xml
whxdata\whfwdata10.xml
whdata\whtdata0.htm
whdata\whtdata1.htm
whdata\whtdata2.htm
whdata\whidata0.htm
whdata\whidata1.htm
whdata\whftdata0.htm
whdata\whftdata1.htm
whdata\whfwdata0.htm
whdata\whfwdata1.htm
whdata\whfwdata2.htm
whdata\whfwdata3.htm
whdata\whfwdata4.htm
whdata\whfwdata5.htm
whdata\whfwdata6.htm
whdata\whfwdata7.htm
whdata\whfwdata8.htm
whdata\whfwdata9.htm
whdata\whfwdata10.htm
whgdata\whlstt0.htm
whgdata\whlstt1.htm
whgdata\whlstt2.htm
whgdata\whlstt3.htm
whgdata\whlstt4.htm
whgdata\whlstt5.htm
whgdata\whlstt6.htm
whgdata\whlstt7.htm
whgdata\whlstt8.htm
whgdata\whlstt9.htm
whgdata\whlstt10.htm
whgdata\whlstt11.htm
whgdata\whlstt12.htm
whgdata\whlstt13.htm
whgdata\whlstt14.htm
whgdata\whlstt15.htm
whgdata\whlstt16.htm
whgdata\whlstt17.htm
whgdata\whlstt18.htm
whgdata\whlstt19.htm
whgdata\whlstt20.htm
whgdata\whlstt21.htm
whgdata\whlstt22.htm
whgdata\whlstt23.htm
whgdata\whlstt24.htm
whgdata\whlsti0.htm
whgdata\whlstfl0.htm
whgdata\whlstfl1.htm
whgdata\whlstfl2.htm
whgdata\whlstfl3.htm
whgdata\whlstfl4.htm
whgdata\whlstfl5.htm
whgdata\whlstfl6.htm
whgdata\whlstfl7.htm
whgdata\whlstfl8.htm
whgdata\whlstfl9.htm
whgdata\whlstfl10.htm
whgdata\whlstfl11.htm
whgdata\whlstfl12.htm
whgdata\whlstfl13.htm
whgdata\whlstfl14.htm
whgdata\whlstfl15.htm
whgdata\whlstfl16.htm
whgdata\whlstfl17.htm
whgdata\whlstfl18.htm
whgdata\whlstfl19.htm
whgdata\whlstfl20.htm
whgdata\whlstfl21.htm
whgdata\whlstfl22.htm
whgdata\whlstfl23.htm
whgdata\whlstfl24.htm
whgdata\whlstf0.htm
whgdata\whlstf1.htm
whgdata\whlstf2.htm
whgdata\whlstf3.htm
whgdata\whlstf4.htm
whgdata\whlstf5.htm
whgdata\whlstf6.htm
whgdata\whlstf7.htm
whgdata\whlstf8.htm
whgdata\whlstf9.htm
whgdata\whlstf10.htm
whgdata\whlstf11.htm
whgdata\whlstf12.htm
whgdata\whlstf13.htm
whgdata\whlstf14.htm
whgdata\whlstf15.htm
whgdata\whlstf16.htm
whgdata\whlstf17.htm
whgdata\whlstf18.htm
whgdata\whlstf19.htm
whgdata\whlstf20.htm
whgdata\whlstf21.htm
whgdata\whlstf22.htm
whgdata\whlstf23.htm
whgdata\whlstf24.htm
whgdata\whlstf25.htm
whgdata\whlstf26.htm
whgdata\whlstf27.htm
whgdata\whlstf28.htm
whgdata\whlstf29.htm
whgdata\whlstf30.htm
whgdata\whlstf31.htm
whgdata\whlstf32.htm
whgdata\whlstf33.htm
whgdata\whlstf34.htm
whgdata\whlstg0.htm
Admin.htm
Admin_csh.htm
Admin_rhc.htm
