|SourceProjectName:Dealer.hpr
|DestinationProjectName:Dealer.htm
whhost.js
whmsg.js
whmozemu.js
whproxy.js
whstub.js
whutils.js
whver.js
whform.js
whphost.js
whstart.js
whtopic.js
whframes.js
whlang.js
whskin_info.htm
whskin_blank.htm
whskin_pickup.htm
whskin_homepage.htm
whskin_tw.htm
whnjs.htm
whthost.js
whtdhtml.htm
whihost.js
whibody.htm
whiform.htm
whfhost.js
whfbody.htm
whfform.htm
whghost.js
whgbody.htm
whgdhtml.htm
whgdef.htm
whproj.js
whproj.xml
whproj.htm
whxdata\whtoc.xml
whxdata\whidx.xml
whxdata\whfts.xml
whxdata\whglo.xml
whdata\whtoc.js
whdata\whtoc.htm
whdata\whtdata.js
whdata\whidx.js
whdata\whidx.htm
whdata\whidata.js
whdata\whfts.js
whdata\whfts.htm
whdata\whglo.js
whdata\whglo.htm
whdata\whgdata.js
whdata\whftdata.js
whdata\whfwdata.js
whres.xml
WebHelp.jar
WebHelp.cab
whgdata\whnvp30.htm
whgdata\whnvp31.htm
whgdata\whnvp32.htm
whgdata\whnvp33.htm
whgdata\whnvt30.htm
whgdata\whnvt31.htm
whgdata\whnvt32.htm
whgdata\whnvt33.htm
whgdata\whnvf30.htm
whgdata\whnvf31.htm
whgdata\whnvf32.htm
whgdata\whnvf33.htm
whgdata\whnvl31.htm
whgdata\whnvl32.htm
whgdata\whnvl33.htm
whgdata\whexpbar.gif
cshdat_webhelp.htm
whcsh_home.htm
whcshdata.htm
cshdat_robohelp.htm
wht_tab0.gif
wht_tab1.gif
wht_tab2.gif
wht_tab3.gif
wht_tab4.gif
wht_tab5.gif
wht_tab6.gif
wht_tab7.gif
wht_tab8.gif
wht_glo_h.gif
wht_glo_n.gif
wht_fts_h.gif
wht_fts_n.gif
wht_idx_h.gif
wht_idx_n.gif
wht_toc_h.gif
wht_toc_n.gif
wht_ws.gif
wht_ws_g.gif
wht_logo1.gif
wht_logo2.gif
wht_abgw.jpg
wht_abgi.jpg
wht_abge.jpg
wht_abtw.jpg
wht_abte.jpg
wht_abti.jpg
wht_spac.gif
wht_next.gif
wht_next_g.gif
wht_prev.gif
wht_prev_g.gif
wht_sync.gif
wht_hide.gif
wht_go.gif
whstart.ico
whestart.ico
whrstart.ico
whidhtml.htm
whfdhtml.htm
whskin_banner.htm
whtbar.js
whskin_pdhtml.htm
whskin_papplet.htm
whskin_plist.htm
whskin_tbars.htm
whskin_mbars.htm
wht_toc4.gif
wht_toc1.gif
wht_toc2.gif
wht_toc3.gif
whskin_frmset010.htm
whst_topics.xml
whskin_frmset01.htm
Dealer_hha.hhk
Dealer.hhc
Dealer.hhk
before_you_begin.htm
Claims\Claim_Details.htm
Claims\Claim_Failure_Reports.htm
Claims\Claim_Folders.htm
Claims\Claim_Submission.htm
Claims\Claim_Validation.htm
Claims\Draft.htm
Claims\index.htm
Claims\Major_Component_Registration.htm
Claims\Non-serialized_part_with_Part_installed_on_Competitor_Model.htm
Claims\Non-serialized_part_with_Part_installed_on_non-serialized_host_machine.htm
Claims\Policy_Details.htm
Claims\Request_for_Information.htm
Claims\Search_Claims.htm
Claims\Serialized_part_with_Part_installed_on_Competitor_Model.htm
Claims\Serialized_part_with_Part_installed_on_non-serialized_host_machine.htm
Claims\Serialized_part_with_Part_installed_on_serialized_host_machine.htm
Claims\Service_Manager_Response.htm
Claims\Sold_Alone_Part_Not_Installed.htm
Claims\waiting_for_labor.htm
common_application_features.htm
copyright.htm
field_modification_claims.htm
Field_Modifications\index.htm
Field_Modifications\Pending_Campaigns.htm
Field_Modifications\Search_Campaigns.htm
introduction.htm
Inventory\Address_Book.htm
Inventory\Dealer_to_Dealer_Transfer.htm
Inventory\Equipment_Details.htm
Inventory\Equipment_Transfer_Report.htm
Inventory\Extended_Warranty_Purchase.htm
Inventory\index.htm
Inventory\Inventory.htm
Inventory\Retail_Machine_Transfer.htm
Inventory\Retailed.htm
Inventory\Search_Inventory.htm
Inventory\Stock.htm
Inventory\Warranty_Registration.htm
Items\index.htm
Items\Search_Items.htm
machine_claims.htm
non-serialized_part_with_part_installed_on_serialized_host_machine.htm
Part_Returns\barcode_feature.htm
Part_Returns\Claimed_Parts_Receipt.htm
Part_Returns\Due_Parts.htm
Part_Returns\index.htm
Part_Returns\Overdue_Parts.htm
Part_Returns\Part_Return_Folders.htm
Part_Returns\Parts_Shipped.htm
Part_Returns\Rejected_Parts.htm
Part_Returns\required_parts_return.htm
Part_Returns\Search_Parts.htm
Part_Returns\Shipment_Generated.htm
Part_Returns\Shipment_Tag.htm
Part_Returns\third_party_due_parts.htm
parts_claim.htm
prepare_due_parts.htm
Reports\Download_Management.htm
Reports\index.htm
Reports\Reports.htm
Reports\Upload_Management.htm
Settings\Email_Subscription.htm
Settings\End_Customer_Management.htm
Settings\index.htm
Settings\Profile.htm
Settings\User_Management.htm
eHelp.xml
RoboHHRE.lng
Dealer.glo
TWMS.css
TWMS_ns_nc.css
TWMS_ns_nc_1.css
DownloadtoExcel.JPG
L2.JPG
Images\EditSearch.JPG
Images\CreateClaim.JPG
L3.JPG
L4.JPG
Images\SearchPartsNested.JPG
Texture_metal3.jpg
ListingToolbar.JPG
ListingNavigation.JPG
Calander.JPG
Images\Note.JPG
add_row_button.gif
i_blue_sm.jpg
PartsSearchAOV.JPG
Images\add_row_button.gif
Images\Extended_Warranty_Purchase.jpg
delete_row.gif
Images\SearchNotCondition.JPG
Images\delete_row.gif
Note.JPG
Images\Move_Right.jpg
Images\FCSP.JPG
Images\Alert.JPG
AscendingSort.JPG
Images\SeachClaimsNested.JPG
DescendingSort.JPG
Images\ClaimSearchAOV.JPG
Images\Attach.jpg
Images\Calander.JPG
Print.JPG
Images\Expand.JPG
Refresh.JPG
HidePreview.JPG
delete_row_1.gif
Images\Move_Left.jpg
Attach.jpg
Delete.JPG
L1.JPG
ShowPreview.JPG
Expand.JPG
ehlpdhtm.js
Dealer.ppf
TWMS_ns.css
whxdata\whtdata0.xml
whxdata\whidata0.xml
whxdata\whftdata0.xml
whxdata\whfwdata0.xml
whxdata\whfwdata1.xml
whxdata\whfwdata2.xml
whxdata\whfwdata3.xml
whxdata\whfwdata4.xml
whxdata\whfwdata5.xml
whdata\whtdata0.htm
whdata\whidata0.htm
whdata\whftdata0.htm
whdata\whfwdata0.htm
whdata\whfwdata1.htm
whdata\whfwdata2.htm
whdata\whfwdata3.htm
whdata\whfwdata4.htm
whdata\whfwdata5.htm
whgdata\whlstt0.htm
whgdata\whlstt1.htm
whgdata\whlstt2.htm
whgdata\whlstt3.htm
whgdata\whlstt4.htm
whgdata\whlstt5.htm
whgdata\whlstt6.htm
whgdata\whlstt7.htm
whgdata\whlstt8.htm
whgdata\whlstt9.htm
whgdata\whlstt10.htm
whgdata\whlstt11.htm
whgdata\whlsti0.htm
whgdata\whlstfl0.htm
whgdata\whlstfl1.htm
whgdata\whlstfl2.htm
whgdata\whlstfl3.htm
whgdata\whlstfl4.htm
whgdata\whlstfl5.htm
whgdata\whlstfl6.htm
whgdata\whlstfl7.htm
whgdata\whlstfl8.htm
whgdata\whlstfl9.htm
whgdata\whlstfl10.htm
whgdata\whlstfl11.htm
whgdata\whlstfl12.htm
whgdata\whlstfl13.htm
whgdata\whlstfl14.htm
whgdata\whlstfl15.htm
whgdata\whlstfl16.htm
whgdata\whlstfl17.htm
whgdata\whlstfl18.htm
whgdata\whlstfl19.htm
whgdata\whlstfl20.htm
whgdata\whlstfl21.htm
whgdata\whlstfl22.htm
whgdata\whlstfl23.htm
whgdata\whlstf0.htm
whgdata\whlstf1.htm
whgdata\whlstf2.htm
whgdata\whlstf3.htm
whgdata\whlstf4.htm
whgdata\whlstf5.htm
whgdata\whlstf6.htm
whgdata\whlstf7.htm
whgdata\whlstf8.htm
whgdata\whlstf9.htm
whgdata\whlstf10.htm
whgdata\whlstf11.htm
whgdata\whlstf12.htm
whgdata\whlstf13.htm
whgdata\whlstf14.htm
whgdata\whlstf15.htm
whgdata\whlstf16.htm
whgdata\whlstf17.htm
whgdata\whlstf18.htm
whgdata\whlstf19.htm
whgdata\whlstf20.htm
whgdata\whlstg0.htm
Dealer.htm
Dealer_csh.htm
Dealer_rhc.htm
