|SourceProjectName:Supplier Recovery Processor.hpr
|DestinationProjectName:Supplier_Recovery_Processor.htm
whhost.js
whmsg.js
whmozemu.js
whproxy.js
whstub.js
whutils.js
whver.js
whform.js
whphost.js
whstart.js
whtopic.js
whframes.js
whlang.js
whskin_info.htm
whskin_blank.htm
whskin_pickup.htm
whskin_homepage.htm
whskin_tw.htm
whnjs.htm
whthost.js
whtdhtml.htm
whihost.js
whibody.htm
whiform.htm
whfhost.js
whfbody.htm
whfform.htm
whghost.js
whgbody.htm
whgdhtml.htm
whgdef.htm
whproj.js
whproj.xml
whproj.htm
whxdata\whtoc.xml
whxdata\whidx.xml
whxdata\whfts.xml
whxdata\whglo.xml
whdata\whtoc.js
whdata\whtoc.htm
whdata\whtdata.js
whdata\whidx.js
whdata\whidx.htm
whdata\whidata.js
whdata\whfts.js
whdata\whfts.htm
whdata\whglo.js
whdata\whglo.htm
whdata\whgdata.js
whdata\whftdata.js
whdata\whfwdata.js
whres.xml
WebHelp.jar
WebHelp.cab
whgdata\whnvp30.htm
whgdata\whnvp31.htm
whgdata\whnvp32.htm
whgdata\whnvp33.htm
whgdata\whnvt30.htm
whgdata\whnvt31.htm
whgdata\whnvt32.htm
whgdata\whnvt33.htm
whgdata\whnvf30.htm
whgdata\whnvf31.htm
whgdata\whnvf32.htm
whgdata\whnvf33.htm
whgdata\whnvl31.htm
whgdata\whnvl32.htm
whgdata\whnvl33.htm
whgdata\whexpbar.gif
cshdat_webhelp.htm
whcsh_home.htm
whcshdata.htm
cshdat_robohelp.htm
wht_tab0.gif
wht_tab1.gif
wht_tab2.gif
wht_tab3.gif
wht_tab4.gif
wht_tab5.gif
wht_tab6.gif
wht_tab7.gif
wht_tab8.gif
wht_glo_h.gif
wht_glo_n.gif
wht_fts_h.gif
wht_fts_n.gif
wht_idx_h.gif
wht_idx_n.gif
wht_toc_h.gif
wht_toc_n.gif
wht_ws.gif
wht_ws_g.gif
wht_logo1.gif
wht_logo2.gif
wht_abgw.jpg
wht_abgi.jpg
wht_abge.jpg
wht_abtw.jpg
wht_abte.jpg
wht_abti.jpg
wht_spac.gif
wht_next.gif
wht_next_g.gif
wht_prev.gif
wht_prev_g.gif
wht_sync.gif
wht_hide.gif
wht_go.gif
whstart.ico
whestart.ico
whrstart.ico
whidhtml.htm
whfdhtml.htm
whskin_banner.htm
whtbar.js
whskin_pdhtml.htm
whskin_papplet.htm
whskin_plist.htm
whskin_tbars.htm
whskin_mbars.htm
wht_toc4.gif
wht_toc1.gif
wht_toc2.gif
wht_toc3.gif
whskin_frmset010.htm
whst_topics.xml
whskin_frmset01.htm
Supplier_Recovery_Processor_hha.hhk
Supplier_Recovery_Processor.hhc
Supplier_Recovery_Processor.hhk
Before_you_Begin\Before_you_Begin.htm
Before_you_Begin\common_application_features.htm
Before_you_Begin\Copyright.htm
Before_you_Begin\index.htm
Before_you_Begin\Introduction.htm
Claims\Claim_Details.htm
Claims\index.htm
Claims\Policy_Details.htm
Claims\Search_Claims.htm
Contract_Admin\index.htm
Contract_Admin\Maintain_Supplier_Contracts.htm
Contract_Admin\Manage_Business_Conditions.htm
Contract_Admin\Manage_Business_Rules.htm
Contract_Admin\Manage_Suppliers.htm
Contract_Admin\User_Groups.htm
Contract_Admin\View_Part_Source_History.htm
Contract_Admin\View_Suppliers.htm
Field_Modifications\index.htm
Field_Modifications\Search_Campaigns.htm
Inventory\Equipment_Details.htm
Inventory\index.htm
Inventory\Inventory.htm
Inventory\Search_Inventory.htm
Items\index.htm
Items\Search_Items.htm
Part_Returns\index.htm
Part_Returns\Search_Parts.htm
Parts_Recovery\Awaiting_Shipment.htm
Parts_Recovery\Awaiting_Shipment_To_Warehouse.htm
Parts_Recovery\index.htm
Parts_Recovery\Part_Not_In_Warehouse.htm
Parts_Recovery\Parts_Recovery.htm
Parts_Recovery\Search_Parts.htm
Reports\Download_Management.htm
Reports\index.htm
Reports\Reports.htm
Reports\Upload_Management.htm
Reports\Vendor_Recovery_Report.htm
Settings\index.htm
Settings\Profile.htm
Supplier_Recovery\Claims_Due_for_Recovery.htm
Supplier_Recovery\Claims_Under_Recovery.htm
Supplier_Recovery\index.htm
Supplier_Recovery\Multi_Claim_Maintenance.htm
Supplier_Recovery\Search_Supplier_Recovery_Claims.htm
Supplier_Recovery\Supplier_Recovery.htm
eHelp.xml
RoboHHRE.lng
Supplier_Recovery_Processor.glo
TWMS_ns_nc.css
Images\Labels1.JPG
Images\Refresh.JPG
Images\Attach.jpg
Images\Labels2.JPG
Delete.JPG
Images\ListingToolbar.JPG
Images\EditSearch.JPG
Images\SearchPartsNested.JPG
Images\PartsSearchAOV.JPG
Images\add_row_button.gif
Images\L1.JPG
Images\HidePreview.JPG
Images\L2.JPG
Images\Calander.JPG
Images\Print.JPG
Images\L3.JPG
Images\ShowPreview.JPG
Images\AscendingSort.JPG
Images\L4.JPG
i_blue_sm.jpg
Images\BusinessConditionsNested.JPG
Images\BusinessConditionsAOV.JPG
Images\delete_row.gif
Images\CreateBusinessCondition.JPG
Images\ListingNavigation.JPG
Images\ClaimSearchAOV.JPG
Images\DescendingSort.JPG
Images\CreateContract.JPG
Images\SeachClaimsNested.JPG
Images\SearchNotCondition.JPG
Images\Add_Remove_Labels.jpg
Texture_metal3.jpg
Images\DownloadtoExcel.JPG
Supplier_Recovery_Processor.ppf
ehlpdhtm.js
whxdata\whtdata0.xml
whxdata\whidata0.xml
whxdata\whftdata0.xml
whxdata\whfwdata0.xml
whxdata\whfwdata1.xml
whxdata\whfwdata2.xml
whxdata\whfwdata3.xml
whdata\whtdata0.htm
whdata\whidata0.htm
whdata\whftdata0.htm
whdata\whfwdata0.htm
whdata\whfwdata1.htm
whdata\whfwdata2.htm
whdata\whfwdata3.htm
whgdata\whlstt0.htm
whgdata\whlstt1.htm
whgdata\whlstt2.htm
whgdata\whlstt3.htm
whgdata\whlstt4.htm
whgdata\whlstt5.htm
whgdata\whlstt6.htm
whgdata\whlstt7.htm
whgdata\whlstt8.htm
whgdata\whlstt9.htm
whgdata\whlstt10.htm
whgdata\whlstt11.htm
whgdata\whlstt12.htm
whgdata\whlsti0.htm
whgdata\whlstfl0.htm
whgdata\whlstfl1.htm
whgdata\whlstfl2.htm
whgdata\whlstfl3.htm
whgdata\whlstfl4.htm
whgdata\whlstfl5.htm
whgdata\whlstfl6.htm
whgdata\whlstfl7.htm
whgdata\whlstfl8.htm
whgdata\whlstfl9.htm
whgdata\whlstfl10.htm
whgdata\whlstfl11.htm
whgdata\whlstfl12.htm
whgdata\whlstfl13.htm
whgdata\whlstfl14.htm
whgdata\whlstfl15.htm
whgdata\whlstfl16.htm
whgdata\whlstfl17.htm
whgdata\whlstfl18.htm
whgdata\whlstfl19.htm
whgdata\whlstfl20.htm
whgdata\whlstfl21.htm
whgdata\whlstfl22.htm
whgdata\whlstfl23.htm
whgdata\whlstfl24.htm
whgdata\whlstf0.htm
whgdata\whlstf1.htm
whgdata\whlstf2.htm
whgdata\whlstf3.htm
whgdata\whlstf4.htm
whgdata\whlstf5.htm
whgdata\whlstf6.htm
whgdata\whlstf7.htm
whgdata\whlstf8.htm
whgdata\whlstf9.htm
whgdata\whlstf10.htm
whgdata\whlstg0.htm
Supplier_Recovery_Processor.htm
Supplier_Recovery_Processor_csh.htm
Supplier_Recovery_Processor_rhc.htm
