22-May-14 13:15:10 NADB2-101_DDL_PATCH_TO_ADD_BRAND_PART_ITEM_COLUMN_CLAIM_TABLE.sql Success
22-May-14 13:15:11 PATCH_FOR_CFG_PARAM_FLG_WRN_MSG_PART_PRICES_DIFFERENT.sql Success
22-May-14 13:15:12 NADB2-102_DDL_REFR_PATCH_FOR_SUPPLIER_DECISION_UPLOAD.sql Success
22-May-14 13:15:12 NADB2-103_DML_REFR_PATCH_FOR_SUPPLIER_DECISION_UPLOAD.sql Failed java.sql.SQLException: ORA-01427: single-row subquery returns more than one row

22-May-14 14:32:27 NADB2-103_DML_REFR_PATCH_FOR_SUPPLIER_DECISION_UPLOAD.sql Failed java.sql.SQLException: ORA-01427: single-row subquery returns more than one row

22-May-14 14:37:50 NADB2-103_DML_REFR_PATCH_FOR_SUPPLIER_DECISION_UPLOAD.sql Success
22-May-14 14:37:50 NADB2-104_DML_UPDATE_CLAIM_DENIED_FOR_LACK_Of_PART_SHIPMENT.sql Success
22-May-14 14:37:50 NADB2-105_DML_UPDATE_CLAIM_DENIED_FOR_LACK_Of_PART_SHIPMENT.sql Success
22-May-14 14:37:51 NADB2-106_DML_ADDING_COMPONENT_DATE_CODE_TO_CONFIG_PARAM.sql Success
22-May-14 14:37:51 NADB2-106_DML_RENAMING_PART_SERIAL_NUMBER_IN_CONFIG_PARAM.sql Success
22-May-14 14:37:52 NADB2-107_DML_PATCH_TO_INSERT_LOV_VALUES_FOR_UNITDOCUMENTTYPE.sql Success
22-May-14 14:37:54 NADB2-109_DDL_PATCH_TO_CREATE_COUNTY_CODE_TABLE.sql Success
22-May-14 14:37:55 NADB2-110_CREATE_TABLE_FOR_TEST_EMAIL.sql Success
22-May-14 14:37:55 NADB2-111_DDL_ADDING_COLUMNS_TO_LINE_ITEM.sql Success
22-May-14 14:37:58 NADB2-112_PROC_REFR_PATCH_FOR_SUPPLIER_DECISION_VALIDATION.sql Success
22-May-14 14:37:59 NADB2-113_DML_PATCH_RENAME_FPI_TO_CAMPAIGN_IN_MRKTNG_GRP_TABLE.sql Success
22-May-14 14:37:59 NADB2-114_DML_PATCH_FOR_BU_CONFIG_DECISION_UPLOAD_BY_SUPPLIER.sql Success
22-May-14 14:37:59 NADB2-115_DDL_REFR_TO_ADD_COLUMN_FOR_STG_WARRANTY_REGISTRATIONS.sql Success
22-May-14 14:38:01 NADB2-115_PROC_REFR_UPLOAD_WARRANTY_REG_VALIDATION.sql Success
22-May-14 14:38:02 NADB2-115_PROC_REFR_UPLOAD_WARRANTY_REG_UPLOAD.sql Success
22-May-14 14:38:02 NADB2-116_DDL_PATCH_TO_CREATE_CLAIM_NUMBER_SEQUENCES.sql Success
22-May-14 14:38:03 NADB2-117_DML_PATCH_TO_UPDATE_CLAIM_NUMBER_PATTERN_FOR_AMER.sql Success
22-May-14 14:38:03 NADB2-118_DDL_PATCH_TO_ADD_COLUMN_WARRANTY_PDI.sql Success
22-May-14 14:38:04 NADB2-119_DDL_ALTER_TECHNICIAN_AND_CONSTRAINTS.sql Success
22-May-14 14:38:04 NADB2-120_DDL_patch_to_create_table_bu_item_mapping_table.sql Failed java.sql.SQLException: ORA-00955: name is already used by an existing object

22-May-14 14:42:12 NADB2-120_DDL_patch_to_create_table_bu_item_mapping_table.sql Failed java.sql.SQLException: ORA-00900: invalid SQL statement

22-May-14 14:45:25 NADB2-120_DDL_patch_to_create_table_bu_item_mapping_table.sql Success
22-May-14 14:55:38 NADB2-120_DML_patch_to_insert_values_to_bu_item_mapping.sql Success
22-May-14 14:55:38 NADB2-121_DML_PATCH_TO_ADD_VIEW_AS_A_PERMISSION.sql Success
22-May-14 14:55:38 NADB2-122_DML_RENAM_MISLANIOUS_TO_MISCELLANEOUS.sql Success
22-May-14 14:55:40 NADB2-123_DML_DELETE_DUPLICATE_CURRENCY_CONVERSION_FACTOR.sql Success
22-May-14 14:55:40 NADB2-124_DDL_ADDING_COLUMNS_TO_INDIVIDUAL_LINE_ITEM.sql Success
22-May-14 14:55:40 NADB2-125_DDL_ADDING_SHIPPING_INSTRUCTION_TO_CONTRACT_TABLE.sql Success
22-May-14 14:55:40 NADB2-126_DDL_ADDING_COLUMNS_TO_INDIVIDUAL_LINE_ITEM.sql Success
22-May-14 14:55:41 PATCH_ALTER_VENDOR_RECOVERY_EXTRACT.sql Success
22-May-14 14:55:42 PATCH_TO_SHOW_RECOVERABLE_PART_IN_VENDOR_EXTRACT.sql Success
22-May-14 14:55:43 PATCH_TO_UPDATE_ACCEPTED_AMOUNT_OLD_RE_CLAIM.sql Success
22-May-14 14:55:43 SLMSPROD_593_PATCH_TO_ADD_CLMNS_CREDIT_AMOUNT_IN_CREDITMEMO.sql Success
22-May-14 14:55:43 NADB2-127_DML_PATCH_TO_UPDATE_MAINTENANCE_CONTRACT_VALUES.sql Success
22-May-14 14:55:43 NADB2-128_DDL_ADDING_COLUMNS_TO_TRAVEL_DETAIL.sql Failed java.sql.SQLException: ORA-01735: invalid ALTER TABLE option

22-May-14 15:15:37 NADB2-128_DDL_ADDING_COLUMNS_TO_TRAVEL_DETAIL.sql Failed java.sql.SQLException: ORA-01735: invalid ALTER TABLE option

22-May-14 15:18:01 NADB2-128_DDL_ADDING_COLUMNS_TO_TRAVEL_DETAIL.sql Success
22-May-14 15:18:01 NADB2-133_DDL_ADDING_COLUMNS_TO_LINE_ITEM_GROUP.sql Success
22-May-14 15:18:01 NADB2-129_DML_REFR_PATCH_FOR_SUPPLIER_DECISION_UPLOAD.sql Success
22-May-14 15:18:02 NADB2-130_PROC_REFR_PATCH_FOR_SUPPLIER_DECISION_VALIDATION.sql Success
22-May-14 15:18:02 NADB2-127_DML_CONSOLIDATED_SCRIPTS_CONFLICTING_WITH_FLEET.sql Failed java.sql.SQLException: ORA-00001: unique constraint (NMHG_QA_P2.MST_ADMIN_ACTION_PK) violated

22-May-14 15:21:44 NADB2-127_DML_CONSOLIDATED_SCRIPTS_CONFLICTING_WITH_FLEET.sql Failed java.sql.SQLException: ORA-00001: unique constraint (NMHG_QA_P2.MST_ADMIN_ACTION_PK) violated

22-May-14 15:22:39 NADB2-127_DML_CONSOLIDATED_SCRIPTS_CONFLICTING_WITH_FLEET.sql Success
22-May-14 15:23:11 NADB2-135_DDL_PERFORMANCE_FIXES.sql Failed java.sql.SQLException: ORA-01408: such column list already indexed

22-May-14 15:27:25 NADB2-135_DDL_PERFORMANCE_FIXES.sql Failed java.sql.SQLException: ORA-00900: invalid SQL statement

22-May-14 15:28:13 NADB2-135_DDL_PERFORMANCE_FIXES.sql Success
22-May-14 15:28:13 NADB2-131_DML_PATCH_TO_INSERT_VALUE_IN_ADDITIONAL_LABOR_ELIG.sql Success
22-May-14 15:28:14 NADB2-132_DML_DEACTIVATE_STATE_QU_MSA.sql Success
22-May-14 15:28:14 NADB2-134_DML_DEACTIVATE_SYSTEM_RULES.sql Success
22-May-14 15:28:14 NADB2-134_DML_PATCH_TO_CHANGE_CAMPAIGN_ITEMS_COVERAGE.sql Success
22-May-14 15:28:14 NADB2-135_DML_DELETE_MANAGEROLES_OLD_DATA.sql Failed java.sql.SQLException: ORA-02292: integrity constraint (NMHG_QA_P2.ROLE_PERM_MAP_FNC_AREA_FK) violated - child record found

22-May-14 16:05:13 NADB2-135_DML_DELETE_MANAGEROLES_OLD_DATA.sql Failed java.sql.SQLException: ORA-02292: integrity constraint (NMHG_QA_P2.SUBJ_FUNC_MAP_FUNC_ID) violated - child record found

22-May-14 16:19:17 NADB2-135_DML_DELETE_MANAGEROLES_OLD_DATA.sql Success
22-May-14 16:20:57 NADB2-136_DML_INSERT_SUB_FUN_MAP.sql Failed java.sql.SQLException: ORA-01427: single-row subquery returns more than one row

22-May-14 16:27:38 NADB2-136_DML_INSERT_SUB_FUN_MAP.sql Failed java.sql.SQLException: ORA-00900: invalid SQL statement

22-May-14 16:28:26 NADB2-136_DML_INSERT_SUB_FUN_MAP.sql Failed java.sql.SQLException: ORA-00900: invalid SQL statement

22-May-14 16:28:50 NADB2-136_DML_INSERT_SUB_FUN_MAP.sql Success
22-May-14 16:29:58 NADB2-137_DML_INSERT_ROLE_PERMISSION_MAPPING.sql Failed java.sql.SQLException: ORA-01427: single-row subquery returns more than one row

22-May-14 16:36:12 NADB2-137_DML_INSERT_ROLE_PERMISSION_MAPPING.sql Success
22-May-14 16:36:15 NADB2-138_DML_PATCH_TO_DEACTIVATE_UNUSED_COST_CATEGORIES.sql Success
22-May-14 16:36:19 NADB2-139_DML_RENAM_EXTERNAL_WARRANTY_AS_EPP_CNFGPARAM.sql Success
22-May-14 16:36:20 NADB2-140_DML_UPDATE_ITEM_GROUP.sql Success
22-May-14 16:36:22 NADB2-141_DML_RENAMING_MISCELLANEOUS_PARTS_SECTION.sql Success
22-May-14 16:36:23 NADB2-142_DDL_PATCH_TO_ALTER_TECHNICIAN_CERTIFICATION_SEQ.sql Success
22-May-14 16:36:24 NADB2-143_DDL_DELETE_MANAGE_ROLES_OPTION_FOR_DEALER.sql Success
22-May-14 16:36:24 NADB2-143_DML_INSERT_SEARCH_RECORD_UNDER_ROLE_PERMISSION_MAPPING_FOR_SUPPLIER.sql Success
22-May-14 16:36:25 NADB2-144_DML_PATCH_TO_RENAME_DISPLAY_NAME_FOR_MKTG_GRP_VLDN_PARTS_CLAIMS.sql Success
22-May-14 16:36:33 NADB2-146_DML_REMAP_USER_MGMT_SCREENS.sql Success
22-May-14 16:36:41 NADB2-147_DDL_REFR_PATCH_TO_DROP_UNQ_CNST_COUNTY_CODE_MAPPING.sql Success
22-May-14 16:36:53 NADB2_148_DDL_PATCH_TO_CHANGE_CAMPAIGN_DESCR_DATA_TYPE_LENGTH.sql Success
22-May-14 16:36:56 NADB2-149_DML_UPDATE_MANAGE_ROLES_ACCESS_FOR_USERS.sql Success
22-May-14 16:36:57 NADB2-150_DML_SEARCH_PERM_DEALER_ROLE.sql Success
22-May-14 16:37:00 NADB2-151_DML_REFR_PATCH_TO_RENAME_ERR_MSGS_SUPPLIER_UPLOAD.sql Success
22-May-14 16:37:10 NADB2-152_PROC_REFR_PATCH_FOR_SUPPLIER_DECISION_UPLOAD.sql Success
22-May-14 16:37:11 NADB2-153_DDL_REFR_PATCH_TO_MODIFY_STG_SUPPLIER_DECISION.sql Success
22-May-14 16:37:13 NADB2-154_PATCH_TO_REMANE_BU_CONFIG.sql Success
22-May-14 16:37:16 NADB2-155_DML_REMAP_CREATE_UPDATE_USER_SCREENS.sql Success
