|SourceProjectName:PartShipper.hpr
|DestinationProjectName:PartShipper.htm
whhost.js
whmsg.js
whmozemu.js
whproxy.js
whstub.js
whutils.js
whver.js
whform.js
whphost.js
whstart.js
whtopic.js
whframes.js
whlang.js
whskin_info.htm
whskin_blank.htm
whskin_pickup.htm
whskin_homepage.htm
whskin_tw.htm
whnjs.htm
whthost.js
whtdhtml.htm
whihost.js
whibody.htm
whiform.htm
whfhost.js
whfbody.htm
whfform.htm
whghost.js
whgbody.htm
whgdhtml.htm
whgdef.htm
whproj.js
whproj.xml
whproj.htm
whxdata\whtoc.xml
whxdata\whidx.xml
whxdata\whfts.xml
whxdata\whglo.xml
whdata\whtoc.js
whdata\whtoc.htm
whdata\whtdata.js
whdata\whidx.js
whdata\whidx.htm
whdata\whidata.js
whdata\whfts.js
whdata\whfts.htm
whdata\whglo.js
whdata\whglo.htm
whdata\whgdata.js
whdata\whftdata.js
whdata\whfwdata.js
whres.xml
WebHelp.jar
WebHelp.cab
whgdata\whnvp30.htm
whgdata\whnvp31.htm
whgdata\whnvp32.htm
whgdata\whnvp33.htm
whgdata\whnvt30.htm
whgdata\whnvt31.htm
whgdata\whnvt32.htm
whgdata\whnvt33.htm
whgdata\whnvf30.htm
whgdata\whnvf31.htm
whgdata\whnvf32.htm
whgdata\whnvf33.htm
whgdata\whnvl31.htm
whgdata\whnvl32.htm
whgdata\whnvl33.htm
whgdata\whexpbar.gif
cshdat_webhelp.htm
whcsh_home.htm
whcshdata.htm
cshdat_robohelp.htm
wht_tab0.gif
wht_tab1.gif
wht_tab2.gif
wht_tab3.gif
wht_tab4.gif
wht_tab5.gif
wht_tab6.gif
wht_tab7.gif
wht_tab8.gif
wht_glo_h.gif
wht_glo_n.gif
wht_fts_h.gif
wht_fts_n.gif
wht_idx_h.gif
wht_idx_n.gif
wht_toc_h.gif
wht_toc_n.gif
wht_ws.gif
wht_ws_g.gif
wht_logo1.gif
wht_logo2.gif
wht_abgw.jpg
wht_abgi.jpg
wht_abge.jpg
wht_abtw.jpg
wht_abte.jpg
wht_abti.jpg
wht_spac.gif
wht_next.gif
wht_next_g.gif
wht_prev.gif
wht_prev_g.gif
wht_sync.gif
wht_hide.gif
wht_go.gif
whstart.ico
whestart.ico
whrstart.ico
whidhtml.htm
whfdhtml.htm
whskin_banner.htm
whtbar.js
whskin_pdhtml.htm
whskin_papplet.htm
whskin_plist.htm
whskin_tbars.htm
whskin_mbars.htm
wht_toc4.gif
wht_toc1.gif
wht_toc2.gif
wht_toc3.gif
whskin_frmset010.htm
whst_topics.xml
whskin_frmset01.htm
PartShipper_hha.hhk
PartShipper.hhc
PartShipper.hhk
Before_you_Begin\Before_you_Begin.htm
Before_you_Begin\common_application_features.htm
Before_you_Begin\Copyright.htm
Before_you_Begin\index.htm
Before_you_Begin\Introduction.htm
Claims\Claim_Details.htm
Claims\index.htm
Claims\Policy_Details.htm
Claims\Search_Claims.htm
due_parts.htm
Inventory\Equipment_Details.htm
Inventory\index.htm
Inventory\Inventory.htm
Inventory\Search_Inventory.htm
Items\index.htm
Items\Search_Items.htm
Part_Returns\Dealer_Requested_Part.htm
Part_Returns\Dealer_Requested_Parts_Shipped.htm
Part_Returns\Due_Parts_Inspection.htm
Part_Returns\Due_Parts_Receipt.htm
Part_Returns\index.htm
Part_Returns\Search_Parts.htm
Part_Returns\Shipment_Generated_for_Dealer.htm
Parts_Recovery\Barcode_Feature_and_Search_by_Barcode.htm
Parts_Recovery\index.htm
Parts_Recovery\Parts_Recovery.htm
Parts_Recovery\Search_Parts.htm
Parts_Recovery\Shipment_Generated.htm
Parts_Recovery\Shipment_Tag.htm
Parts_Recovery\Supplier_Parts_Claimed.htm
Parts_Recovery\Supplier_Parts_Shipped.htm
Reports\Download_Management.htm
Reports\index.htm
Reports\Reports.htm
Reports\Upload_Management.htm
Reports\Vendor_Recovery_Report.htm
Settings\Email_Subscription.htm
Settings\index.htm
Settings\Profile.htm
eHelp.xml
RoboHHRE.lng
PartShipper.glo
TWMS_ns_nc.css
i_blue_sm.jpg
Delete.JPG
ShowPreview.JPG
Images\EditSearch.JPG
AscendingSort.JPG
Images\Attach.jpg
ClaimSearchAOV.JPG
Images\ClaimSearchAOV.JPG
Images\SearchNotCondition.JPG
DescendingSort.JPG
ListingNavigation.JPG
Images\DownloadtoExcel.JPG
delete_row.gif
SearchNotCondition.JPG
Print.JPG
Images\SeachClaimsNested.JPG
Images\delete_row.gif
Refresh.JPG
L1.JPG
L2.JPG
Texture_metal3.jpg
ListingToolbar.JPG
L3.JPG
Images\i_blue_sm.jpg
add_row_button.gif
L4.JPG
PartsSearchAOV.JPG
Images\add_row_button.gif
Images\Calander.JPG
HidePreview.JPG
EditSearch.JPG
Images\SearchPartsNested.JPG
ehlpdhtm.js
PartShipper.ppf
whxdata\whtdata0.xml
whxdata\whidata0.xml
whxdata\whftdata0.xml
whxdata\whfwdata0.xml
whxdata\whfwdata1.xml
whxdata\whfwdata2.xml
whxdata\whfwdata3.xml
whdata\whtdata0.htm
whdata\whidata0.htm
whdata\whftdata0.htm
whdata\whfwdata0.htm
whdata\whfwdata1.htm
whdata\whfwdata2.htm
whdata\whfwdata3.htm
whgdata\whlstt0.htm
whgdata\whlstt1.htm
whgdata\whlstt2.htm
whgdata\whlstt3.htm
whgdata\whlstt4.htm
whgdata\whlstt5.htm
whgdata\whlstt6.htm
whgdata\whlstt7.htm
whgdata\whlstt8.htm
whgdata\whlstt9.htm
whgdata\whlsti0.htm
whgdata\whlstfl0.htm
whgdata\whlstfl1.htm
whgdata\whlstfl2.htm
whgdata\whlstfl3.htm
whgdata\whlstfl4.htm
whgdata\whlstfl5.htm
whgdata\whlstfl6.htm
whgdata\whlstfl7.htm
whgdata\whlstfl8.htm
whgdata\whlstfl9.htm
whgdata\whlstfl10.htm
whgdata\whlstfl11.htm
whgdata\whlstfl12.htm
whgdata\whlstfl13.htm
whgdata\whlstfl14.htm
whgdata\whlstfl15.htm
whgdata\whlstfl16.htm
whgdata\whlstfl17.htm
whgdata\whlstfl18.htm
whgdata\whlstfl19.htm
whgdata\whlstfl20.htm
whgdata\whlstfl21.htm
whgdata\whlstfl22.htm
whgdata\whlstfl23.htm
whgdata\whlstf0.htm
whgdata\whlstf1.htm
whgdata\whlstf2.htm
whgdata\whlstf3.htm
whgdata\whlstf4.htm
whgdata\whlstf5.htm
whgdata\whlstf6.htm
whgdata\whlstf7.htm
whgdata\whlstf8.htm
whgdata\whlstf9.htm
whgdata\whlstf10.htm
whgdata\whlstg0.htm
PartShipper.htm
PartShipper_csh.htm
PartShipper_rhc.htm
