#
# A fatal error has been detected by the Java Runtime Environment:
#
#  Internal Error (javaCalls.cpp:59), pid=3936, tid=7536
#  guarantee(thread->is_Java_thread()) failed: crucial check - the VM thread cannot and must not escape to Java code
#
# JRE version: 6.0_45-b06
# Java VM: Java HotSpot(TM) Client VM (20.45-b01 mixed mode windows-x86 )
# If you would like to submit a bug report, please visit:
#   http://java.sun.com/webapps/bugreport/crash.jsp
#

---------------  T H R E A D  ---------------

Current thread (0x02700000):  VMThread [stack: 0x188f0000,0x18940000] [id=7536]

Stack: [0x188f0000,0x18940000],  sp=0x1893f69c,  free space=317k
Native frames: (J=compiled Java code, j=interpreted, Vv=VM code, C=native code)
V  [jvm.dll+0x13490a]
V  [jvm.dll+0x12f35c]
V  [jvm.dll+0xfb11c]
V  [jvm.dll+0xfb852]
V  [jvm.dll+0x18d551]
V  [jvm.dll+0xfbbca]
V  [jvm.dll+0x12f7b9]
V  [jvm.dll+0x12f93c]
V  [jvm.dll+0x12f985]
V  [jvm.dll+0x74df3]
V  [jvm.dll+0x753ce]
V  [jvm.dll+0x76678]
V  [jvm.dll+0x771bc]
V  [jvm.dll+0x773d8]
V  [jvm.dll+0x774e5]
V  [jvm.dll+0x4efcb]
V  [jvm.dll+0x4f25d]
V  [jvm.dll+0x4f5db]
V  [jvm.dll+0x77b66]
V  [jvm.dll+0x8b8f7]
V  [jvm.dll+0x11abfa]
V  [jvm.dll+0xd24f7]
V  [jvm.dll+0x11e523]
V  [jvm.dll+0x11d7ee]
V  [jvm.dll+0x11db12]
V  [jvm.dll+0x11df22]
V  [jvm.dll+0x14217c]
C  [msvcr71.dll+0x9565]  endthreadex+0xa0
C  [kernel32.dll+0x1336a]  BaseThreadInitThunk+0x12
C  [ntdll.dll+0x39f72]  RtlInitializeExceptionChain+0x63
C  [ntdll.dll+0x39f45]  RtlInitializeExceptionChain+0x36

VM_Operation (0x18d5f9c8): GetOrSetLocal, mode: safepoint, requested by thread 0x02752400


---------------  P R O C E S S  ---------------

Java Threads: ( => current thread )
  0x19203c00 JavaThread "Low Memory Detector" daemon [_thread_blocked, id=5912, stack(0x190e0000,0x19130000)]
  0x19206c00 JavaThread "C1 CompilerThread0" daemon [_thread_blocked, id=6148, stack(0x19050000,0x190a0000)]
  0x02754000 JavaThread "JDWP Command Reader" daemon [_thread_in_native, id=5696, stack(0x18f50000,0x18fa0000)]
  0x02753c00 JavaThread "JDWP Event Helper Thread" daemon [_thread_blocked, id=3504, stack(0x18da0000,0x18df0000)]
  0x02752400 JavaThread "JDWP Transport Listener: dt_socket" daemon [_thread_blocked, id=6668, stack(0x18d10000,0x18d60000)]
  0x02740c00 JavaThread "Attach Listener" daemon [_thread_blocked, id=708, stack(0x18af0000,0x18b40000)]
  0x0273e000 JavaThread "Signal Dispatcher" daemon [_thread_blocked, id=6792, stack(0x18a60000,0x18ab0000)]
  0x02706000 JavaThread "Finalizer" daemon [_thread_blocked, id=4460, stack(0x189d0000,0x18a20000)]
  0x02704800 JavaThread "Reference Handler" daemon [_thread_blocked, id=2364, stack(0x18940000,0x18990000)]
  0x01f3ec00 JavaThread "main" [_thread_blocked, id=6596, stack(0x003b0000,0x00400000)]

Other Threads:
=>0x02700000 VMThread [stack: 0x188f0000,0x18940000] [id=7536]
  0x1920a000 WatcherThread [stack: 0x19170000,0x191c0000] [id=4028]

VM state:at safepoint (normal execution)

VM Mutex/Monitor currently owned by a thread:  ([mutex/lock_event])
[0x01f3cf50] Threads_lock - owner thread: 0x02700000

Heap
 def new generation   total 4928K, used 313K [0x047e0000, 0x04d30000, 0x09d30000)
  eden space 4416K,   1% used [0x047e0000, 0x047f4db8, 0x04c30000)
  from space 512K,  44% used [0x04c30000, 0x04c697a0, 0x04cb0000)
  to   space 512K,   0% used [0x04cb0000, 0x04cb0000, 0x04d30000)
 tenured generation   total 10944K, used 1371K [0x09d30000, 0x0a7e0000, 0x147e0000)
   the space 10944K,  12% used [0x09d30000, 0x09e86c20, 0x09e86e00, 0x0a7e0000)
 compacting perm gen  total 12288K, used 5207K [0x147e0000, 0x153e0000, 0x187e0000)
   the space 12288K,  42% used [0x147e0000, 0x14cf5ea8, 0x14cf6000, 0x153e0000)
No shared spaces configured.

Code Cache  [0x02760000, 0x02850000, 0x04760000)
 total_blobs=393 nmethods=274 adapters=64 free_code_cache=32597184 largest_free_block=128

Dynamic libraries:
0x00400000 - 0x00425000 	C:\Program Files (x86)\Java\jre6\bin\javaw.exe
0x77ce0000 - 0x77e60000 	C:\Windows\SysWOW64\ntdll.dll
0x772b0000 - 0x773c0000 	C:\Windows\syswow64\kernel32.dll
0x759e0000 - 0x75a27000 	C:\Windows\syswow64\KERNELBASE.dll
0x753b0000 - 0x7541d000 	C:\Windows\SysWOW64\SYSFER.DLL
0x75d50000 - 0x75df0000 	C:\Windows\syswow64\ADVAPI32.dll
0x75930000 - 0x759dc000 	C:\Windows\syswow64\msvcrt.dll
0x773c0000 - 0x773d9000 	C:\Windows\SysWOW64\sechost.dll
0x75840000 - 0x75930000 	C:\Windows\syswow64\RPCRT4.dll
0x75730000 - 0x75790000 	C:\Windows\syswow64\SspiCli.dll
0x75720000 - 0x7572c000 	C:\Windows\syswow64\CRYPTBASE.dll
0x770b0000 - 0x771b0000 	C:\Windows\syswow64\USER32.dll
0x77210000 - 0x772a0000 	C:\Windows\syswow64\GDI32.dll
0x75e00000 - 0x75e0a000 	C:\Windows\syswow64\LPK.dll
0x75bf0000 - 0x75c8d000 	C:\Windows\syswow64\USP10.dll
0x773e0000 - 0x77440000 	C:\Windows\system32\IMM32.DLL
0x77650000 - 0x7771c000 	C:\Windows\syswow64\MSCTF.dll
0x7c340000 - 0x7c396000 	C:\Program Files (x86)\Java\jre6\bin\msvcr71.dll
0x6d810000 - 0x6dac0000 	C:\Program Files (x86)\Java\jre6\bin\client\jvm.dll
0x6fc20000 - 0x6fc52000 	C:\Windows\system32\WINMM.dll
0x70e90000 - 0x70edc000 	C:\Windows\system32\apphelp.dll
0x6d7c0000 - 0x6d7cc000 	C:\Program Files (x86)\Java\jre6\bin\verify.dll
0x6d330000 - 0x6d34f000 	C:\Program Files (x86)\Java\jre6\bin\java.dll
0x6d380000 - 0x6d3a9000 	C:\Program Files (x86)\Java\jre6\bin\jdwp.dll
0x6d6a0000 - 0x6d6a6000 	C:\Program Files (x86)\Java\jre6\bin\npt.dll
0x6d800000 - 0x6d80f000 	C:\Program Files (x86)\Java\jre6\bin\zip.dll
0x6d200000 - 0x6d207000 	C:\Program Files (x86)\Java\jre6\bin\dt_socket.dll
0x76e50000 - 0x76e85000 	C:\Windows\syswow64\WS2_32.dll
0x77450000 - 0x77456000 	C:\Windows\syswow64\NSI.dll
0x74d20000 - 0x74d30000 	C:\Windows\system32\NLAapi.dll
0x74a10000 - 0x74a20000 	C:\Windows\system32\napinsp.dll
0x749f0000 - 0x74a02000 	C:\Windows\system32\pnrpnsp.dll
0x74e00000 - 0x74e3c000 	C:\Windows\System32\mswsock.dll
0x74da0000 - 0x74de4000 	C:\Windows\system32\DNSAPI.dll
0x749e0000 - 0x749e8000 	C:\Windows\System32\winrnr.dll
0x74740000 - 0x74767000 	C:\Program Files (x86)\Common Files\Microsoft Shared\Windows Live\WLIDNSP.DLL
0x76e40000 - 0x76e45000 	C:\Windows\syswow64\PSAPI.DLL
0x771b0000 - 0x77207000 	C:\Windows\syswow64\SHLWAPI.dll
0x73ac0000 - 0x73adc000 	C:\Windows\system32\IPHLPAPI.DLL
0x73ab0000 - 0x73ab7000 	C:\Windows\system32\WINNSI.DLL
0x73370000 - 0x733a8000 	C:\Windows\System32\fwpuclnt.dll
0x74720000 - 0x74726000 	C:\Windows\system32\rasadhlp.dll
0x74d90000 - 0x74d95000 	C:\Windows\System32\wshtcpip.dll
0x6d610000 - 0x6d623000 	C:\Program Files (x86)\Java\jre6\bin\net.dll
0x74df0000 - 0x74df6000 	C:\Windows\System32\wship6.dll
0x6d7a0000 - 0x6d7a8000 	C:\Program Files (x86)\Java\jre6\bin\sunmscapi.dll
0x774a0000 - 0x775c0000 	C:\Windows\syswow64\CRYPT32.dll
0x76e90000 - 0x76e9c000 	C:\Windows\syswow64\MSASN1.dll

VM Arguments:
jvm_args: -agentlib:jdwp=transport=dt_socket,suspend=y,address=localhost:63776 -Dfile.encoding=Cp1252 
java_command: tavant.twms.web.security.authn.decrypter.AesBasedUsernameDecrypter
Launcher Type: SUN_STANDARD

Environment Variables:
JAVA_HOME=C:\Program Files (x86)\Java\jdk1.6.0_45
PATH=C:/Program Files (x86)/Java/jre6/bin/client;C:/Program Files (x86)/Java/jre6/bin;C:/Program Files (x86)/Java/jre6/lib/i386;C:\Program Files\Common Files\Microsoft Shared\Windows Live;C:\Program Files (x86)\Common Files\Microsoft Shared\Windows Live;C:\Windows\system32;C:\Windows;C:\Windows\System32\Wbem;C:\Windows\System32\WindowsPowerShell\v1.0\;C:\Program Files (x86)\QT Lite\QTSystem;C:\Program Files\TortoiseSVN\bin;C:\Program Files (x86)\Windows Live\Shared;D:\apache-maven-2.2.1-bin\apache-maven-2.2.1/bin;C:\Program Files (x86)\Java\jdk1.6.0_45/bin;;D:\eclipse Juno;
USERNAME=prashant.modak
OS=Windows_NT
PROCESSOR_IDENTIFIER=Intel64 Family 6 Model 58 Stepping 9, GenuineIntel



---------------  S Y S T E M  ---------------

OS: Windows 7 , 64 bit Build 7601 Service Pack 1

CPU:total 4 (4 cores per cpu, 1 threads per core) family 6 model 58 stepping 9, cmov, cx8, fxsr, mmx, sse, sse2, sse3, ssse3, sse4.1, sse4.2, popcnt

Memory: 4k page, physical 8288328k(4670264k free), swap 16574792k(10415004k free)

vm_info: Java HotSpot(TM) Client VM (20.45-b01) for windows-x86 JRE (1.6.0_45-b06), built on Mar 26 2013 13:40:03 by "java_re" with MS VC++ 7.1 (VS2003)

time: Thu May 08 10:49:30 2014
elapsed time: 182 seconds

